{"D:\\@_PROJECTS_@\\_CODE_\\bestflix-client-side-React\\src\\app\\store.js": {"path":"D:\\@_PROJECTS_@\\_CODE_\\bestflix-client-side-React\\src\\app\\store.js","statementMap":{"0":{"start":{"line":8,"column":22},"end":{"line":12,"column":1}},"1":{"start":{"line":14,"column":20},"end":{"line":17,"column":2}},"2":{"start":{"line":19,"column":25},"end":{"line":19,"column":67}},"3":{"start":{"line":21,"column":14},"end":{"line":23,"column":2}},"4":{"start":{"line":25,"column":25},"end":{"line":25,"column":44}}},"fnMap":{},"branchMap":{},"s":{"0":3,"1":3,"2":3,"3":3,"4":3},"f":{},"b":{},"_coverageSchema":"1a1c01bbd47fc00a2c39e90264f33305004495a9","hash":"2f42c0ed3ae8da8c14a6773abfcea0bcb25e0dea"}
,"D:\\@_PROJECTS_@\\_CODE_\\bestflix-client-side-React\\src\\components\\form-validation\\form-validation.jsx": {"path":"D:\\@_PROJECTS_@\\_CODE_\\bestflix-client-side-React\\src\\components\\form-validation\\form-validation.jsx","statementMap":{"0":{"start":{"line":4,"column":25},"end":{"line":16,"column":1}},"1":{"start":{"line":19,"column":28},"end":{"line":24,"column":2}},"2":{"start":{"line":27,"column":28},"end":{"line":27,"column":56}}},"fnMap":{},"branchMap":{},"s":{"0":1,"1":1,"2":1},"f":{},"b":{},"_coverageSchema":"1a1c01bbd47fc00a2c39e90264f33305004495a9","hash":"8627c747c0fb055644609b97e96173902774133b"}
,"D:\\@_PROJECTS_@\\_CODE_\\bestflix-client-side-React\\src\\components\\movie-card\\movie-card.jsx": {"path":"D:\\@_PROJECTS_@\\_CODE_\\bestflix-client-side-React\\src\\components\\movie-card\\movie-card.jsx","statementMap":{"0":{"start":{"line":9,"column":25},"end":{"line":68,"column":1}},"1":{"start":{"line":10,"column":42},"end":{"line":10,"column":57}},"2":{"start":{"line":11,"column":42},"end":{"line":11,"column":80}},"3":{"start":{"line":13,"column":8},"end":{"line":15,"column":19}},"4":{"start":{"line":17,"column":32},"end":{"line":20,"column":5}},"5":{"start":{"line":18,"column":8},"end":{"line":18,"column":27}},"6":{"start":{"line":19,"column":8},"end":{"line":19,"column":46}},"7":{"start":{"line":22,"column":4},"end":{"line":67,"column":6}},"8":{"start":{"line":70,"column":0},"end":{"line":94,"column":2}}},"fnMap":{"0":{"name":"(anonymous_0)","decl":{"start":{"line":9,"column":25},"end":{"line":9,"column":26}},"loc":{"start":{"line":9,"column":62},"end":{"line":68,"column":1}},"line":9},"1":{"name":"(anonymous_1)","decl":{"start":{"line":17,"column":32},"end":{"line":17,"column":33}},"loc":{"start":{"line":17,"column":39},"end":{"line":20,"column":5}},"line":17}},"branchMap":{"0":{"loc":{"start":{"line":13,"column":8},"end":{"line":15,"column":19}},"type":"cond-expr","locations":[{"start":{"line":14,"column":14},"end":{"line":14,"column":53}},{"start":{"line":15,"column":14},"end":{"line":15,"column":19}}],"line":13},"1":{"loc":{"start":{"line":13,"column":8},"end":{"line":13,"column":50}},"type":"binary-expr","locations":[{"start":{"line":13,"column":8},"end":{"line":13,"column":12}},{"start":{"line":13,"column":16},"end":{"line":13,"column":50}}],"line":13},"2":{"loc":{"start":{"line":36,"column":58},"end":{"line":36,"column":81}},"type":"binary-expr","locations":[{"start":{"line":36,"column":58},"end":{"line":36,"column":75}},{"start":{"line":36,"column":79},"end":{"line":36,"column":81}}],"line":36},"3":{"loc":{"start":{"line":45,"column":36},"end":{"line":45,"column":93}},"type":"cond-expr","locations":[{"start":{"line":45,"column":49},"end":{"line":45,"column":72}},{"start":{"line":45,"column":75},"end":{"line":45,"column":93}}],"line":45},"4":{"loc":{"start":{"line":47,"column":25},"end":{"line":51,"column":25}},"type":"cond-expr","locations":[{"start":{"line":48,"column":28},"end":{"line":48,"column":71}},{"start":{"line":50,"column":28},"end":{"line":50,"column":60}}],"line":47}},"s":{"0":1,"1":3,"2":3,"3":3,"4":3,"5":1,"6":1,"7":3,"8":1},"f":{"0":3,"1":1},"b":{"0":[3,0],"1":[3,3],"2":[3,0],"3":[3,0],"4":[3,0]},"_coverageSchema":"1a1c01bbd47fc00a2c39e90264f33305004495a9","hash":"101b8d7e84fe95a921b8a5bd7a87bc9ecf379949"}
,"D:\\@_PROJECTS_@\\_CODE_\\bestflix-client-side-React\\src\\features\\user\\userSlice.js": {"path":"D:\\@_PROJECTS_@\\_CODE_\\bestflix-client-side-React\\src\\features\\user\\userSlice.js","statementMap":{"0":{"start":{"line":5,"column":21},"end":{"line":12,"column":2}},"1":{"start":{"line":6,"column":4},"end":{"line":11,"column":5}},"2":{"start":{"line":7,"column":25},"end":{"line":7,"column":53}},"3":{"start":{"line":8,"column":8},"end":{"line":8,"column":24}},"4":{"start":{"line":10,"column":8},"end":{"line":10,"column":55}},"5":{"start":{"line":14,"column":18},"end":{"line":46,"column":2}},"6":{"start":{"line":24,"column":12},"end":{"line":24,"column":30}},"7":{"start":{"line":25,"column":12},"end":{"line":25,"column":31}},"8":{"start":{"line":26,"column":12},"end":{"line":26,"column":34}},"9":{"start":{"line":27,"column":12},"end":{"line":27,"column":31}},"10":{"start":{"line":31,"column":8},"end":{"line":44,"column":15}},"11":{"start":{"line":33,"column":16},"end":{"line":33,"column":41}},"12":{"start":{"line":34,"column":16},"end":{"line":34,"column":35}},"13":{"start":{"line":37,"column":16},"end":{"line":37,"column":43}},"14":{"start":{"line":38,"column":16},"end":{"line":38,"column":49}},"15":{"start":{"line":39,"column":16},"end":{"line":39,"column":51}},"16":{"start":{"line":42,"column":16},"end":{"line":42,"column":40}},"17":{"start":{"line":43,"column":16},"end":{"line":43,"column":45}},"18":{"start":{"line":48,"column":26},"end":{"line":48,"column":43}}},"fnMap":{"0":{"name":"(anonymous_0)","decl":{"start":{"line":5,"column":52},"end":{"line":5,"column":53}},"loc":{"start":{"line":5,"column":85},"end":{"line":12,"column":1}},"line":5},"1":{"name":"(anonymous_1)","decl":{"start":{"line":23,"column":16},"end":{"line":23,"column":17}},"loc":{"start":{"line":23,"column":27},"end":{"line":28,"column":9}},"line":23},"2":{"name":"(anonymous_2)","decl":{"start":{"line":30,"column":19},"end":{"line":30,"column":20}},"loc":{"start":{"line":30,"column":32},"end":{"line":45,"column":5}},"line":30},"3":{"name":"(anonymous_3)","decl":{"start":{"line":32,"column":36},"end":{"line":32,"column":37}},"loc":{"start":{"line":32,"column":47},"end":{"line":35,"column":13}},"line":32},"4":{"name":"(anonymous_4)","decl":{"start":{"line":36,"column":38},"end":{"line":36,"column":39}},"loc":{"start":{"line":36,"column":57},"end":{"line":40,"column":13}},"line":36},"5":{"name":"(anonymous_5)","decl":{"start":{"line":41,"column":37},"end":{"line":41,"column":38}},"loc":{"start":{"line":41,"column":56},"end":{"line":44,"column":13}},"line":41}},"branchMap":{},"s":{"0":4,"1":0,"2":0,"3":0,"4":0,"5":4,"6":1,"7":1,"8":1,"9":1,"10":4,"11":0,"12":0,"13":1,"14":1,"15":1,"16":1,"17":1,"18":4},"f":{"0":0,"1":1,"2":4,"3":0,"4":1,"5":1},"b":{},"_coverageSchema":"1a1c01bbd47fc00a2c39e90264f33305004495a9","hash":"169467cd2c377bb60d4f39117e995563dd9ee265"}
,"D:\\@_PROJECTS_@\\_CODE_\\bestflix-client-side-React\\src\\hooks\\useFavoriteMovie.jsx": {"path":"D:\\@_PROJECTS_@\\_CODE_\\bestflix-client-side-React\\src\\hooks\\useFavoriteMovie.jsx","statementMap":{"0":{"start":{"line":3,"column":32},"end":{"line":56,"column":1}},"1":{"start":{"line":4,"column":38},"end":{"line":4,"column":53}},"2":{"start":{"line":5,"column":40},"end":{"line":9,"column":6}},"3":{"start":{"line":11,"column":27},"end":{"line":53,"column":5}},"4":{"start":{"line":12,"column":8},"end":{"line":12,"column":27}},"5":{"start":{"line":13,"column":8},"end":{"line":52,"column":9}},"6":{"start":{"line":14,"column":29},"end":{"line":23,"column":13}},"7":{"start":{"line":25,"column":12},"end":{"line":27,"column":13}},"8":{"start":{"line":26,"column":16},"end":{"line":26,"column":93}},"9":{"start":{"line":29,"column":32},"end":{"line":34,"column":39}},"10":{"start":{"line":32,"column":73},"end":{"line":32,"column":87}},"11":{"start":{"line":36,"column":12},"end":{"line":36,"column":33}},"12":{"start":{"line":37,"column":12},"end":{"line":37,"column":70}},"13":{"start":{"line":38,"column":12},"end":{"line":42,"column":15}},"14":{"start":{"line":44,"column":12},"end":{"line":44,"column":43}},"15":{"start":{"line":45,"column":12},"end":{"line":49,"column":15}},"16":{"start":{"line":51,"column":12},"end":{"line":51,"column":32}},"17":{"start":{"line":55,"column":4},"end":{"line":55,"column":68}}},"fnMap":{"0":{"name":"(anonymous_0)","decl":{"start":{"line":3,"column":32},"end":{"line":3,"column":33}},"loc":{"start":{"line":3,"column":58},"end":{"line":56,"column":1}},"line":3},"1":{"name":"(anonymous_1)","decl":{"start":{"line":11,"column":27},"end":{"line":11,"column":28}},"loc":{"start":{"line":11,"column":58},"end":{"line":53,"column":5}},"line":11},"2":{"name":"(anonymous_2)","decl":{"start":{"line":32,"column":65},"end":{"line":32,"column":66}},"loc":{"start":{"line":32,"column":73},"end":{"line":32,"column":87}},"line":32}},"branchMap":{"0":{"loc":{"start":{"line":17,"column":28},"end":{"line":17,"column":58}},"type":"cond-expr","locations":[{"start":{"line":17,"column":41},"end":{"line":17,"column":49}},{"start":{"line":17,"column":52},"end":{"line":17,"column":58}}],"line":17},"1":{"loc":{"start":{"line":25,"column":12},"end":{"line":27,"column":13}},"type":"if","locations":[{"start":{"line":25,"column":12},"end":{"line":27,"column":13}},{"start":{},"end":{}}],"line":25},"2":{"loc":{"start":{"line":26,"column":45},"end":{"line":26,"column":74}},"type":"cond-expr","locations":[{"start":{"line":26,"column":58},"end":{"line":26,"column":66}},{"start":{"line":26,"column":69},"end":{"line":26,"column":74}}],"line":26},"3":{"loc":{"start":{"line":29,"column":32},"end":{"line":34,"column":39}},"type":"cond-expr","locations":[{"start":{"line":30,"column":18},"end":{"line":33,"column":19}},{"start":{"line":34,"column":18},"end":{"line":34,"column":39}}],"line":29},"4":{"loc":{"start":{"line":40,"column":34},"end":{"line":40,"column":74}},"type":"cond-expr","locations":[{"start":{"line":40,"column":47},"end":{"line":40,"column":61}},{"start":{"line":40,"column":64},"end":{"line":40,"column":74}}],"line":40}},"s":{"0":1,"1":3,"2":3,"3":3,"4":1,"5":1,"6":1,"7":0,"8":0,"9":0,"10":0,"11":0,"12":0,"13":0,"14":0,"15":0,"16":0,"17":3},"f":{"0":3,"1":1,"2":0},"b":{"0":[1,0],"1":[0,0],"2":[0,0],"3":[0,0],"4":[0,0]},"_coverageSchema":"1a1c01bbd47fc00a2c39e90264f33305004495a9","hash":"18bfdd8745b230b4bce1d8fb90111fd01ea32bb5"}
,"D:\\@_PROJECTS_@\\_CODE_\\bestflix-client-side-React\\src\\pages\\login\\login-view.jsx": {"path":"D:\\@_PROJECTS_@\\_CODE_\\bestflix-client-side-React\\src\\pages\\login\\login-view.jsx","statementMap":{"0":{"start":{"line":8,"column":25},"end":{"line":98,"column":1}},"1":{"start":{"line":9,"column":21},"end":{"line":9,"column":34}},"2":{"start":{"line":10,"column":43},"end":{"line":10,"column":77}},"3":{"start":{"line":10,"column":66},"end":{"line":10,"column":76}},"4":{"start":{"line":12,"column":36},"end":{"line":12,"column":48}},"5":{"start":{"line":13,"column":36},"end":{"line":13,"column":48}},"6":{"start":{"line":16,"column":4},"end":{"line":20,"column":34}},"7":{"start":{"line":17,"column":8},"end":{"line":19,"column":9}},"8":{"start":{"line":18,"column":12},"end":{"line":18,"column":36}},"9":{"start":{"line":22,"column":25},"end":{"line":25,"column":5}},"10":{"start":{"line":23,"column":8},"end":{"line":23,"column":31}},"11":{"start":{"line":24,"column":8},"end":{"line":24,"column":68}},"12":{"start":{"line":27,"column":4},"end":{"line":97,"column":6}},"13":{"start":{"line":43,"column":41},"end":{"line":43,"column":68}},"14":{"start":{"line":56,"column":41},"end":{"line":56,"column":68}}},"fnMap":{"0":{"name":"(anonymous_0)","decl":{"start":{"line":8,"column":25},"end":{"line":8,"column":26}},"loc":{"start":{"line":8,"column":45},"end":{"line":98,"column":1}},"line":8},"1":{"name":"(anonymous_1)","decl":{"start":{"line":10,"column":55},"end":{"line":10,"column":56}},"loc":{"start":{"line":10,"column":66},"end":{"line":10,"column":76}},"line":10},"2":{"name":"(anonymous_2)","decl":{"start":{"line":16,"column":14},"end":{"line":16,"column":15}},"loc":{"start":{"line":16,"column":20},"end":{"line":20,"column":5}},"line":16},"3":{"name":"(anonymous_3)","decl":{"start":{"line":22,"column":25},"end":{"line":22,"column":26}},"loc":{"start":{"line":22,"column":36},"end":{"line":25,"column":5}},"line":22},"4":{"name":"(anonymous_4)","decl":{"start":{"line":43,"column":34},"end":{"line":43,"column":35}},"loc":{"start":{"line":43,"column":41},"end":{"line":43,"column":68}},"line":43},"5":{"name":"(anonymous_5)","decl":{"start":{"line":56,"column":34},"end":{"line":56,"column":35}},"loc":{"start":{"line":56,"column":41},"end":{"line":56,"column":68}},"line":56}},"branchMap":{"0":{"loc":{"start":{"line":17,"column":8},"end":{"line":19,"column":9}},"type":"if","locations":[{"start":{"line":17,"column":8},"end":{"line":19,"column":9}},{"start":{},"end":{}}],"line":17},"1":{"loc":{"start":{"line":17,"column":12},"end":{"line":17,"column":61}},"type":"binary-expr","locations":[{"start":{"line":17,"column":12},"end":{"line":17,"column":16}},{"start":{"line":17,"column":20},"end":{"line":17,"column":25}},{"start":{"line":17,"column":29},"end":{"line":17,"column":61}}],"line":17},"2":{"loc":{"start":{"line":30,"column":13},"end":{"line":34,"column":13}},"type":"binary-expr","locations":[{"start":{"line":30,"column":13},"end":{"line":30,"column":18}},{"start":{"line":30,"column":22},"end":{"line":30,"column":41}},{"start":{"line":31,"column":16},"end":{"line":33,"column":24}}],"line":30},"3":{"loc":{"start":{"line":69,"column":25},"end":{"line":83,"column":25}},"type":"cond-expr","locations":[{"start":{"line":70,"column":28},"end":{"line":80,"column":31}},{"start":{"line":82,"column":28},"end":{"line":82,"column":35}}],"line":69}},"s":{"0":1,"1":3,"2":3,"3":5,"4":3,"5":3,"6":3,"7":2,"8":0,"9":3,"10":0,"11":0,"12":3,"13":1,"14":0},"f":{"0":3,"1":5,"2":2,"3":0,"4":1,"5":0},"b":{"0":[0,2],"1":[2,0,0],"2":[3,0,0],"3":[0,3]},"_coverageSchema":"1a1c01bbd47fc00a2c39e90264f33305004495a9","hash":"06d529f7f3834f8b2c9737e97f7349e21e2f0820"}
,"D:\\@_PROJECTS_@\\_CODE_\\bestflix-client-side-React\\src\\pages\\signup\\signup-view.jsx": {"path":"D:\\@_PROJECTS_@\\_CODE_\\bestflix-client-side-React\\src\\pages\\signup\\signup-view.jsx","statementMap":{"0":{"start":{"line":11,"column":26},"end":{"line":189,"column":1}},"1":{"start":{"line":12,"column":21},"end":{"line":12,"column":34}},"2":{"start":{"line":13,"column":21},"end":{"line":13,"column":34}},"3":{"start":{"line":14,"column":30},"end":{"line":14,"column":42}},"4":{"start":{"line":15,"column":34},"end":{"line":15,"column":49}},"5":{"start":{"line":18,"column":25},"end":{"line":38,"column":5}},"6":{"start":{"line":19,"column":8},"end":{"line":37,"column":9}},"7":{"start":{"line":21,"column":12},"end":{"line":21,"column":37}},"8":{"start":{"line":24,"column":12},"end":{"line":24,"column":86}},"9":{"start":{"line":26,"column":12},"end":{"line":26,"column":25}},"10":{"start":{"line":27,"column":12},"end":{"line":27,"column":29}},"11":{"start":{"line":28,"column":12},"end":{"line":28,"column":24}},"12":{"start":{"line":31,"column":12},"end":{"line":31,"column":26}},"13":{"start":{"line":33,"column":12},"end":{"line":33,"column":43}},"14":{"start":{"line":34,"column":12},"end":{"line":34,"column":36}},"15":{"start":{"line":36,"column":12},"end":{"line":36,"column":33}},"16":{"start":{"line":40,"column":4},"end":{"line":188,"column":6}},"17":{"start":{"line":66,"column":20},"end":{"line":66,"column":50}},"18":{"start":{"line":71,"column":20},"end":{"line":184,"column":27}}},"fnMap":{"0":{"name":"(anonymous_0)","decl":{"start":{"line":11,"column":26},"end":{"line":11,"column":27}},"loc":{"start":{"line":11,"column":32},"end":{"line":189,"column":1}},"line":11},"1":{"name":"(anonymous_1)","decl":{"start":{"line":18,"column":25},"end":{"line":18,"column":26}},"loc":{"start":{"line":18,"column":73},"end":{"line":38,"column":5}},"line":18},"2":{"name":"(anonymous_2)","decl":{"start":{"line":65,"column":26},"end":{"line":65,"column":27}},"loc":{"start":{"line":65,"column":47},"end":{"line":67,"column":17}},"line":65},"3":{"name":"(anonymous_3)","decl":{"start":{"line":70,"column":17},"end":{"line":70,"column":18}},"loc":{"start":{"line":71,"column":20},"end":{"line":184,"column":27}},"line":71}},"branchMap":{"0":{"loc":{"start":{"line":43,"column":13},"end":{"line":47,"column":13}},"type":"binary-expr","locations":[{"start":{"line":43,"column":13},"end":{"line":43,"column":18}},{"start":{"line":44,"column":16},"end":{"line":46,"column":24}}],"line":43},"1":{"loc":{"start":{"line":50,"column":13},"end":{"line":54,"column":13}},"type":"binary-expr","locations":[{"start":{"line":50,"column":13},"end":{"line":50,"column":20}},{"start":{"line":51,"column":16},"end":{"line":53,"column":24}}],"line":50},"2":{"loc":{"start":{"line":80,"column":43},"end":{"line":80,"column":78}},"type":"binary-expr","locations":[{"start":{"line":80,"column":43},"end":{"line":80,"column":59}},{"start":{"line":80,"column":63},"end":{"line":80,"column":78}}],"line":80},"3":{"loc":{"start":{"line":96,"column":43},"end":{"line":96,"column":72}},"type":"binary-expr","locations":[{"start":{"line":96,"column":43},"end":{"line":96,"column":56}},{"start":{"line":96,"column":60},"end":{"line":96,"column":72}}],"line":96},"4":{"loc":{"start":{"line":114,"column":43},"end":{"line":114,"column":78}},"type":"binary-expr","locations":[{"start":{"line":114,"column":43},"end":{"line":114,"column":59}},{"start":{"line":114,"column":63},"end":{"line":114,"column":78}}],"line":114},"5":{"loc":{"start":{"line":131,"column":40},"end":{"line":133,"column":48}},"type":"cond-expr","locations":[{"start":{"line":132,"column":46},"end":{"line":132,"column":58}},{"start":{"line":133,"column":46},"end":{"line":133,"column":48}}],"line":131},"6":{"loc":{"start":{"line":131,"column":40},"end":{"line":131,"column":85}},"type":"binary-expr","locations":[{"start":{"line":131,"column":40},"end":{"line":131,"column":61}},{"start":{"line":131,"column":65},"end":{"line":131,"column":85}}],"line":131},"7":{"loc":{"start":{"line":159,"column":33},"end":{"line":173,"column":33}},"type":"cond-expr","locations":[{"start":{"line":160,"column":36},"end":{"line":170,"column":39}},{"start":{"line":172,"column":36},"end":{"line":172,"column":45}}],"line":159}},"s":{"0":1,"1":4,"2":3,"3":3,"4":3,"5":3,"6":0,"7":0,"8":0,"9":0,"10":0,"11":0,"12":0,"13":0,"14":0,"15":0,"16":3,"17":0,"18":10},"f":{"0":4,"1":0,"2":0,"3":10},"b":{"0":[3,0],"1":[3,0],"2":[10,2],"3":[10,3],"4":[10,2],"5":[0,10],"6":[10,2],"7":[1,9]},"_coverageSchema":"1a1c01bbd47fc00a2c39e90264f33305004495a9","hash":"10f48739736d560c254b7bf44f1085402b28eb96"}
}
