TN:
SF:src\app\store.js
FNF:0
FNH:0
DA:8,3
DA:14,3
DA:19,3
DA:21,3
DA:25,3
LF:5
LH:5
BRF:0
BRH:0
end_of_record
TN:
SF:src\components\form-validation\form-validation.jsx
FNF:0
FNH:0
DA:4,1
DA:19,1
DA:27,1
LF:3
LH:3
BRF:0
BRH:0
end_of_record
TN:
SF:src\components\movie-card\movie-card.jsx
FN:9,(anonymous_0)
FN:17,(anonymous_1)
FNF:2
FNH:2
FNDA:3,(anonymous_0)
FNDA:1,(anonymous_1)
DA:9,1
DA:10,3
DA:11,3
DA:13,3
DA:17,3
DA:18,1
DA:19,1
DA:22,3
DA:70,1
LF:9
LH:9
BRDA:13,0,0,3
BRDA:13,0,1,0
BRDA:13,1,0,3
BRDA:13,1,1,3
BRDA:36,2,0,3
BRDA:36,2,1,0
BRDA:45,3,0,3
BRDA:45,3,1,0
BRDA:47,4,0,3
BRDA:47,4,1,0
BRF:10
BRH:6
end_of_record
TN:
SF:src\features\user\userSlice.js
FN:5,(anonymous_0)
FN:23,(anonymous_1)
FN:30,(anonymous_2)
FN:32,(anonymous_3)
FN:36,(anonymous_4)
FN:41,(anonymous_5)
FNF:6
FNH:4
FNDA:0,(anonymous_0)
FNDA:1,(anonymous_1)
FNDA:4,(anonymous_2)
FNDA:0,(anonymous_3)
FNDA:1,(anonymous_4)
FNDA:1,(anonymous_5)
DA:5,4
DA:6,0
DA:7,0
DA:8,0
DA:10,0
DA:14,4
DA:24,1
DA:25,1
DA:26,1
DA:27,1
DA:31,4
DA:33,0
DA:34,0
DA:37,1
DA:38,1
DA:39,1
DA:42,1
DA:43,1
DA:48,4
LF:19
LH:13
BRF:0
BRH:0
end_of_record
TN:
SF:src\hooks\useFavoriteMovie.jsx
FN:3,(anonymous_0)
FN:11,(anonymous_1)
FN:32,(anonymous_2)
FNF:3
FNH:2
FNDA:3,(anonymous_0)
FNDA:1,(anonymous_1)
FNDA:0,(anonymous_2)
DA:3,1
DA:4,3
DA:5,3
DA:11,3
DA:12,1
DA:13,1
DA:14,1
DA:25,0
DA:26,0
DA:29,0
DA:32,0
DA:36,0
DA:37,0
DA:38,0
DA:44,0
DA:45,0
DA:51,0
DA:55,3
LF:18
LH:8
BRDA:17,0,0,1
BRDA:17,0,1,0
BRDA:25,1,0,0
BRDA:25,1,1,0
BRDA:26,2,0,0
BRDA:26,2,1,0
BRDA:29,3,0,0
BRDA:29,3,1,0
BRDA:40,4,0,0
BRDA:40,4,1,0
BRF:10
BRH:1
end_of_record
TN:
SF:src\pages\login\login-view.jsx
FN:8,(anonymous_0)
FN:10,(anonymous_1)
FN:16,(anonymous_2)
FN:22,(anonymous_3)
FN:43,(anonymous_4)
FN:56,(anonymous_5)
FNF:6
FNH:4
FNDA:3,(anonymous_0)
FNDA:5,(anonymous_1)
FNDA:2,(anonymous_2)
FNDA:0,(anonymous_3)
FNDA:1,(anonymous_4)
FNDA:0,(anonymous_5)
DA:8,1
DA:9,3
DA:10,5
DA:12,3
DA:13,3
DA:16,3
DA:17,2
DA:18,0
DA:22,3
DA:23,0
DA:24,0
DA:27,3
DA:43,1
DA:56,0
LF:14
LH:10
BRDA:17,0,0,0
BRDA:17,0,1,2
BRDA:17,1,0,2
BRDA:17,1,1,0
BRDA:17,1,2,0
BRDA:30,2,0,3
BRDA:30,2,1,0
BRDA:30,2,2,0
BRDA:69,3,0,0
BRDA:69,3,1,3
BRF:10
BRH:4
end_of_record
TN:
SF:src\pages\signup\signup-view.jsx
FN:11,(anonymous_0)
FN:18,(anonymous_1)
FN:65,(anonymous_2)
FN:70,(anonymous_3)
FNF:4
FNH:2
FNDA:4,(anonymous_0)
FNDA:0,(anonymous_1)
FNDA:0,(anonymous_2)
FNDA:10,(anonymous_3)
DA:11,1
DA:12,4
DA:13,3
DA:14,3
DA:15,3
DA:18,3
DA:19,0
DA:21,0
DA:24,0
DA:26,0
DA:27,0
DA:28,0
DA:31,0
DA:33,0
DA:34,0
DA:36,0
DA:40,3
DA:66,0
DA:71,10
LF:19
LH:8
BRDA:43,0,0,3
BRDA:43,0,1,0
BRDA:50,1,0,3
BRDA:50,1,1,0
BRDA:80,2,0,10
BRDA:80,2,1,2
BRDA:96,3,0,10
BRDA:96,3,1,3
BRDA:114,4,0,10
BRDA:114,4,1,2
BRDA:131,5,0,0
BRDA:131,5,1,10
BRDA:131,6,0,10
BRDA:131,6,1,2
BRDA:159,7,0,1
BRDA:159,7,1,9
BRF:16
BRH:13
end_of_record
